<?xml version="1.0" encoding="UTF-8"?>
<!-- Generated by org.testng.reporters.JUnitReportReporter -->
<testsuite hostname="LAPTOP-DT949S15" failures="0" tests="4" name="sample_testNG.SampleTestCase" time="0.015" errors="0" timestamp="2021-12-23T13:10:26 IST" skipped="0">
  <testcase classname="sample_testNG.SampleTestCase" name="FirstTestCase" time="0.009"/>
  <system-out/>
  <testcase classname="sample_testNG.SampleTestCase" name="FourthTestCase" time="0.002"/>
  <system-out/>
  <testcase classname="sample_testNG.SampleTestCase" name="ThirdTestCase" time="0.002"/>
  <system-out/>
  <testcase classname="sample_testNG.SampleTestCase" name="SecondTestCase" time="0.002"/>
  <system-out/>
</testsuite> <!-- sample_testNG.SampleTestCase -->
