<?xml version="1.0" encoding="UTF-8"?>
<!-- Generated by org.testng.reporters.JUnitReportReporter -->
<testsuite hostname="LAPTOP-DT949S15" failures="0" tests="6" name="h2h.TS_007" time="68.389" errors="0" timestamp="2022-01-07T18:27:12 IST" skipped="0">
  <testcase classname="h2h.TS_007" name="TC_01" time="19.202"/>
  <system-out/>
  <testcase classname="h2h.TS_007" name="TC_02" time="36.302"/>
  <system-out/>
  <testcase classname="h2h.TS_007" name="TC_03" time="3.156"/>
  <system-out/>
  <testcase classname="h2h.TS_007" name="TC_04" time="3.215"/>
  <system-out/>
  <testcase classname="h2h.TS_007" name="TC_05" time="3.288"/>
  <system-out/>
  <testcase classname="h2h.TS_007" name="TC_06" time="3.226"/>
  <system-out/>
</testsuite> <!-- h2h.TS_007 -->
