<?xml version="1.0" encoding="UTF-8"?>
<!-- Generated by org.testng.reporters.JUnitReportReporter -->
<testsuite hostname="LAPTOP-DT949S15" failures="0" tests="10" name="h2h.TS_004" time="59.440" errors="0" timestamp="2022-01-06T19:45:10 IST" skipped="0">
  <testcase classname="h2h.TS_004" name="Url_HealthTest" time="12.525"/>
  <system-out/>
  <testcase classname="h2h.TS_004" name="TC_01" time="11.015"/>
  <system-out/>
  <testcase classname="h2h.TS_004" name="TC_02" time="4.670"/>
  <system-out/>
  <testcase classname="h2h.TS_004" name="TC_03" time="0.247"/>
  <system-out/>
  <testcase classname="h2h.TS_004" name="TC_04" time="3.129"/>
  <system-out/>
  <testcase classname="h2h.TS_004" name="TC_05" time="4.314"/>
  <system-out/>
  <testcase classname="h2h.TS_004" name="TC_06" time="12.755"/>
  <system-out/>
  <testcase classname="h2h.TS_004" name="TC_07" time="4.388"/>
  <system-out/>
  <testcase classname="h2h.TS_004" name="TC_08" time="0.159"/>
  <system-out/>
  <testcase classname="h2h.TS_004" name="TC_09" time="6.238"/>
  <system-out/>
</testsuite> <!-- h2h.TS_004 -->
