<?xml version="1.0" encoding="UTF-8"?>
<!-- Generated by org.testng.reporters.JUnitReportReporter -->
<testsuite hostname="LAPTOP-DT949S15" failures="0" tests="4" name="h2h.TS_006" time="56.641" errors="0" timestamp="2022-01-07T17:38:20 IST" skipped="0">
  <testcase classname="h2h.TS_006" name="Url_HealthTest" time="17.333"/>
  <system-out/>
  <testcase classname="h2h.TS_006" name="TC_01" time="12.494"/>
  <system-out/>
  <testcase classname="h2h.TS_006" name="TC_02" time="3.213"/>
  <system-out/>
  <testcase classname="h2h.TS_006" name="TC_03" time="23.601"/>
  <system-out/>
</testsuite> <!-- h2h.TS_006 -->
