<?xml version="1.0" encoding="UTF-8"?>
<!-- Generated by org.testng.reporters.JUnitReportReporter -->
<testsuite hostname="LAPTOP-DT949S15" failures="0" tests="26" name="h2h.TS_002" time="158.200" errors="0" timestamp="2022-01-13T16:25:04 IST" skipped="0">
  <testcase classname="h2h.TS_002" name="TC_01_Check_click_the_user_Registration_parent_menu" time="12.443"/>
  <system-out/>
  <testcase classname="h2h.TS_002" name="TC_02_Check_click_the_user_Registration_child_menu" time="10.131"/>
  <system-out/>
  <testcase classname="h2h.TS_002" name="TC_03_In_User_Registration_check_the_organization_code_field" time="3.164"/>
  <system-out/>
  <testcase classname="h2h.TS_002" name="TC_04_User_Registration_check_the_User_ID_field_whether_it_allows_an_alphanumeric_and_special_characters_or_not" time="3.234"/>
  <system-out/>
  <testcase classname="h2h.TS_002" name="TC_05_In_User_Registration_Check_the_User_ID_field_it_should_not_allow_more_than_20_characters" time="3.185"/>
  <system-out/>
  <testcase classname="h2h.TS_002" name="TC_06_In_User_Registration_check_the_User_Name_field_whether_it_allows_an_alphanumeric_and_special_characters_or_not" time="3.140"/>
  <system-out/>
  <testcase classname="h2h.TS_002" name="TC_07_In_User_Registration_Check_the_User_Name_field_it_should_not_allow_more_than_20_characters" time="3.204"/>
  <system-out/>
  <testcase classname="h2h.TS_002" name="TC_08_In_User_Registration_Check_the_Date_field_allows_manual_input_in_the_given_format_dd_mm_yyyy" time="3.128"/>
  <system-out/>
  <testcase classname="h2h.TS_002" name="TC_09_In_User_Registration_Check_the_Date_field_whether_future_date_should_be_freeze" time="3.124"/>
  <system-out/>
  <testcase classname="h2h.TS_002" name="TC_10_In_User_Registration_Check_the_Date_field_shows_the_calander_icon_in_the_dropdown_format" time="6.136"/>
  <system-out/>
  <testcase classname="h2h.TS_002" name="TC_11_In_User_Registration_check_the_primary_mobile_number_field_allows_only_a_numeric_value_or_not" time="3.278"/>
  <system-out/>
  <testcase classname="h2h.TS_002" name="TC_12_In_User_Registration_check_the_primary_mobile_number_field_should_not_allow_more_than_10_digits" time="3.194"/>
  <system-out/>
  <testcase classname="h2h.TS_002" name="TC_13_In_User_Registration_check_the_primary_Email_Id_should_allow_Email_text_type" time="3.199"/>
  <system-out/>
  <testcase classname="h2h.TS_002" name="TC_14_In_User_Registration_Check_the_eye_button_working_or_not_in_the_Password_field" time="6.313"/>
  <system-out/>
  <testcase classname="h2h.TS_002" name="TC_15_In_User_Registration_Check_the_Password_field_it_should_be_hidden_by_dots_instead_of_alphanumeric_and_special_characters" time="6.294"/>
  <system-out/>
  <testcase classname="h2h.TS_002" name="TC_16_In_User_Registration_Check_the_eye_button_working_or_not_in_the_Re_Enter_Password_field" time="6.316"/>
  <system-out/>
  <testcase classname="h2h.TS_002" name="TC_17_In_User_Registration_Check_the_Re_Enter_Password_field_it_should_be_hidden_by_dots_instead_of_alphanumeric_and_special_characters" time="6.314"/>
  <system-out/>
  <testcase classname="h2h.TS_002" name="TC_18_In_User_Registration_Check_the_Role_code_should_be_in_the_dropdown_field_and_it_contain_different_role_like_Admin_Maker_Checker_etc" time="6.622"/>
  <system-out/>
  <testcase classname="h2h.TS_002" name="TC_19_In_User_Registration_Check_the_Role_code_dropdown_field_it_shows_a_label_select" time="6.563"/>
  <system-out/>
  <testcase classname="h2h.TS_002" name="TC_20_In_User_Registration_Check_the_Role_code_dropdown_field_allow_to_select_the_listed_Role_code" time="6.541"/>
  <system-out/>
  <testcase classname="h2h.TS_002" name="TC_21_In_User_Registration_Check_the_Registration_Date_whether_future_date_are_not_shown" time="3.140"/>
  <system-out/>
  <testcase classname="h2h.TS_002" name="TC_22_In_User_Registration_Check_the_Branch_code_should_be_in_the_dropdown_field_and_it_contain_several_number_of_branch_codes" time="3.510"/>
  <system-out/>
  <testcase classname="h2h.TS_002" name="TC_23_In_User_Registration_Check_the_Branch_code_dropdown_field_it_shows_a_label_select" time="4.623"/>
  <system-out/>
  <testcase classname="h2h.TS_002" name="TC_24_In_User_Registration_Check_the_branch_code_dropdown_field_allow_to_select_the_listed_branch_code" time="4.456"/>
  <system-out/>
  <testcase classname="h2h.TS_002" name="TC_25_In_User_Registration_Check_the_Submit_Button_to_confirm_the_entries" time="17.534"/>
  <system-out/>
  <testcase classname="h2h.TS_002" name="TC_26_In_User_Registration_Check_the_Cancel_Button_to_remove_the_entries_in_all_fileds" time="19.414"/>
  <system-out/>
</testsuite> <!-- h2h.TS_002 -->
