<?xml version="1.0" encoding="UTF-8"?>
<!-- Generated by org.testng.reporters.JUnitReportReporter -->
<testsuite hostname="LAPTOP-DT949S15" failures="0" tests="3" name="sample_testNG.Delete" time="0.012" errors="0" timestamp="2021-12-23T13:13:12 IST" skipped="0">
  <testcase classname="sample_testNG.Delete" name="_01" time="0.008"/>
  <system-out/>
  <testcase classname="sample_testNG.Delete" name="_02" time="0.002"/>
  <system-out/>
  <testcase classname="sample_testNG.Delete" name="_03" time="0.002"/>
  <system-out/>
</testsuite> <!-- sample_testNG.Delete -->
