<?xml version="1.0" encoding="UTF-8"?>
<!-- Generated by org.testng.reporters.JUnitReportReporter -->
<testsuite hostname="LAPTOP-DT949S15" failures="0" tests="4" name="sample_notes.SampleTestCase" time="0.072" errors="0" timestamp="2021-12-21T15:14:56 IST" skipped="0">
  <testcase classname="sample_notes.SampleTestCase" name="FirstTestCase" time="0.063"/>
  <system-out/>
  <testcase classname="sample_notes.SampleTestCase" name="SecondTestCase" time="0.004"/>
  <system-out/>
  <testcase classname="sample_notes.SampleTestCase" name="ThirdTestCase" time="0.002"/>
  <system-out/>
  <testcase classname="sample_notes.SampleTestCase" name="FourthTestCase" time="0.003"/>
  <system-out/>
</testsuite> <!-- sample_notes.SampleTestCase -->
