<?xml version="1.0" encoding="UTF-8"?>
<!-- Generated by org.testng.reporters.JUnitReportReporter -->
<testsuite hostname="LAPTOP-DT949S15" failures="0" tests="2" name="h2h_New.Sample" time="81.385" errors="0" timestamp="2022-03-18T15:50:37 IST" skipped="0">
  <testcase classname="h2h_New.Sample" name="TC_01" time="6.220"/>
  <system-out/>
  <testcase classname="h2h_New.Sample" name="TS_GePG_21_In_Approval_Page_Check_After_the_authorization_of_gepy_payment_check_whether_the_request_send_to_Hdpay_or_not" time="75.165"/>
  <system-out/>
</testsuite> <!-- h2h_New.Sample -->
