<?xml version="1.0" encoding="UTF-8"?>
<!-- Generated by org.testng.reporters.JUnitReportReporter -->
<testsuite hostname="LAPTOP-DT949S15" failures="0" tests="4" name="testNG.SampleTestCase" time="0.023" errors="0" timestamp="2021-12-21T13:41:36 IST" skipped="0">
  <testcase classname="testNG.SampleTestCase" name="SecondTestCase" time="0.003"/>
  <system-out/>
  <testcase classname="testNG.SampleTestCase" name="FirstTestCase" time="0.013"/>
  <system-out/>
  <testcase classname="testNG.SampleTestCase" name="ThirdTestCase" time="0.002"/>
  <system-out/>
  <testcase classname="testNG.SampleTestCase" name="FourthTestCase" time="0.005"/>
  <system-out/>
</testsuite> <!-- testNG.SampleTestCase -->
