<?xml version="1.0" encoding="UTF-8"?>
<!-- Generated by org.testng.reporters.JUnitReportReporter -->
<testsuite hostname="LAPTOP-DT949S15" failures="0" tests="5" name="h2h.TS_005" time="57.911" errors="0" timestamp="2022-01-07T17:07:37 IST" skipped="0">
  <testcase classname="h2h.TS_005" name="Url_HealthTest" time="28.848"/>
  <system-out/>
  <testcase classname="h2h.TS_005" name="TC_01" time="3.227"/>
  <system-out/>
  <testcase classname="h2h.TS_005" name="TC_02" time="7.482"/>
  <system-out/>
  <testcase classname="h2h.TS_005" name="TC_03" time="8.471"/>
  <system-out/>
  <testcase classname="h2h.TS_005" name="TC_04" time="9.883"/>
  <system-out/>
</testsuite> <!-- h2h.TS_005 -->
