<?xml version="1.0" encoding="UTF-8"?>
<!-- Generated by org.testng.reporters.JUnitReportReporter -->
<testsuite hostname="LAPTOP-DT949S15" failures="0" tests="9" name="h2h.TS_008" time="54.057" errors="0" timestamp="2022-01-07T18:43:44 IST" skipped="0">
  <testcase classname="h2h.TS_008" name="TC_01" time="16.447"/>
  <system-out/>
  <testcase classname="h2h.TS_008" name="TC_02" time="5.660"/>
  <system-out/>
  <testcase classname="h2h.TS_008" name="TC_03" time="0.185"/>
  <system-out/>
  <testcase classname="h2h.TS_008" name="TC_04" time="3.151"/>
  <system-out/>
  <testcase classname="h2h.TS_008" name="TC_05" time="4.263"/>
  <system-out/>
  <testcase classname="h2h.TS_008" name="TC_06" time="13.275"/>
  <system-out/>
  <testcase classname="h2h.TS_008" name="TC_07" time="4.253"/>
  <system-out/>
  <testcase classname="h2h.TS_008" name="TC_08" time="0.154"/>
  <system-out/>
  <testcase classname="h2h.TS_008" name="TC_09" time="6.669"/>
  <system-out/>
</testsuite> <!-- h2h.TS_008 -->
