<?xml version="1.0" encoding="UTF-8"?>
<!-- Generated by org.testng.reporters.JUnitReportReporter -->
<testsuite hostname="LAPTOP-DT949S15" failures="0" tests="2" name="sample_testNG.Login_Page" time="29.695" errors="0" timestamp="2021-12-24T14:23:35 IST" skipped="0">
  <testcase classname="sample_testNG.Login_Page" name="Url_HealthTest" time="20.306"/>
  <system-out/>
  <testcase classname="sample_testNG.Login_Page" name="TC_06" time="9.389"/>
  <system-out/>
</testsuite> <!-- sample_testNG.Login_Page -->
