<?xml version="1.0" encoding="UTF-8"?>
<!-- Generated by org.testng.reporters.JUnitReportReporter -->
<testsuite hostname="LAPTOP-DT949S15" failures="0" tests="6" name="sample_testNG.Login_page_delete" time="18.533" errors="0" timestamp="2021-12-27T14:25:00 IST" skipped="0">
  <testcase classname="sample_testNG.Login_page_delete" name="Url_HealthTest" time="17.390"/>
  <system-out/>
  <testcase classname="sample_testNG.Login_page_delete" name="Scenario_01" time="0.289"/>
  <system-out/>
  <testcase classname="sample_testNG.Login_page_delete" name="Scenario_02" time="0.230"/>
  <system-out/>
  <testcase classname="sample_testNG.Login_page_delete" name="Scenario_03" time="0.202"/>
  <system-out/>
  <testcase classname="sample_testNG.Login_page_delete" name="Scenario_04" time="0.214"/>
  <system-out/>
  <testcase classname="sample_testNG.Login_page_delete" name="Scenario_05" time="0.208"/>
  <system-out/>
</testsuite> <!-- sample_testNG.Login_page_delete -->
