<?xml version="1.0" encoding="UTF-8"?>
<!-- Generated by org.testng.reporters.JUnitReportReporter -->
<testsuite hostname="LAPTOP-DT949S15" failures="0" tests="9" name="user_registration_ADMIN.User_registration1" time="148.525" errors="0" timestamp="2022-02-24T13:53:34 IST" skipped="0">
  <testcase classname="user_registration_ADMIN.User_registration1" name="Url_HealthTest" time="0.451"/>
  <system-out/>
  <testcase classname="user_registration_ADMIN.User_registration1" name="Step_01" time="26.290"/>
  <system-out/>
  <testcase classname="user_registration_ADMIN.User_registration1" name="Step_02" time="21.972"/>
  <system-out/>
  <testcase classname="user_registration_ADMIN.User_registration1" name="Step_03" time="22.037"/>
  <system-out/>
  <testcase classname="user_registration_ADMIN.User_registration1" name="Step_04" time="17.957"/>
  <system-out/>
  <testcase classname="user_registration_ADMIN.User_registration1" name="Step_05" time="6.693"/>
  <system-out/>
  <testcase classname="user_registration_ADMIN.User_registration1" name="Step_06" time="0.228"/>
  <system-out/>
  <testcase classname="user_registration_ADMIN.User_registration1" name="Step_07" time="20.958"/>
  <system-out/>
  <testcase classname="user_registration_ADMIN.User_registration1" name="Step_08" time="31.939"/>
  <system-out/>
</testsuite> <!-- user_registration_ADMIN.User_registration1 -->
