<?xml version="1.0" encoding="UTF-8"?>
<!-- Generated by org.testng.reporters.JUnitReportReporter -->
<testsuite hostname="LAPTOP-DT949S15" failures="0" tests="1" name="h2h.Sample" time="8.784" errors="0" timestamp="2022-02-15T11:49:36 IST" skipped="0">
  <testcase classname="h2h.Sample" name="TC_01" time="8.784"/>
  <system-out/>
</testsuite> <!-- h2h.Sample -->
