<?xml version="1.0" encoding="UTF-8"?>
<!-- Generated by org.testng.reporters.JUnitReportReporter -->
<testsuite hostname="LAPTOP-DT949S15" failures="0" tests="3" name="sample_testNG.SampleTestCase2" time="23.918" errors="0" timestamp="2021-12-22T17:45:33 IST" skipped="0">
  <testcase classname="sample_testNG.SampleTestCase2" name="openbing" time="2.320"/>
  <system-out/>
  <testcase classname="sample_testNG.SampleTestCase2" name="google" time="1.471"/>
  <system-out/>
  <testcase classname="sample_testNG.SampleTestCase2" name="h2h_without_vpn" time="20.127"/>
  <system-out/>
</testsuite> <!-- sample_testNG.SampleTestCase2 -->
